SF:lib/product_carousel.dart
DA:37,2
DA:53,1
DA:54,1
DA:63,1
DA:66,3
DA:70,1
DA:71,2
DA:72,1
DA:73,1
DA:74,3
DA:75,1
DA:76,3
DA:77,1
DA:78,4
DA:79,1
DA:81,1
LF:16
LH:16
end_of_record
SF:lib/product_carousel_item.dart
DA:17,1
DA:22,1
DA:24,1
DA:25,3
DA:26,1
DA:28,1
DA:29,1
DA:30,1
DA:31,1
DA:33,1
DA:35,1
DA:36,2
DA:41,1
DA:43,1
DA:46,1
DA:47,1
DA:52,1
DA:53,2
LF:18
LH:18
end_of_record
SF:lib/widgets/app_network_image.dart
DA:11,1
DA:17,3
DA:19,1
DA:21,1
DA:23,1
DA:24,1
DA:26,1
DA:30,1
DA:34,0
DA:35,0
DA:36,0
DA:37,0
DA:40,0
LF:13
LH:8
end_of_record
